{
  "0 debug pnpm:scope": {
    "selected": 81,
    "total": 81,
    "workspacePrefix": "/workspace/steedos-platform"
  },
  "1 debug pnpm:package-manifest": {
    "initial": {
      "name": "@steedos/ee_audit-records",
      "version": "workspace:*",
      "main": "package.service.js",
      "scripts": {},
      "license": "MIT",
      "private": false,
      "publishConfig": {
        "access": "public"
      },
      "gitHead": "1447c9ca4fb57a49233704f50a7d757aff0c5027"
    },
    "prefix": "/workspace/steedos-platform/ee/audit-records"
  },
  "2 debug pnpm:package-manifest": {
    "initial": {
      "name": "@steedos/ee_branding",
      "version": "workspace:*",
      "main": "package.service.js",
      "scripts": {},
      "license": "MIT",
      "private": false,
      "publishConfig": {
        "access": "public"
      },
      "dependencies": {
        "@steedos/license": "2.2.7"
      },
      "gitHead": "1447c9ca4fb57a49233704f50a7d757aff0c5027"
    },
    "prefix": "/workspace/steedos-platform/ee/branding"
  },
  "3 debug pnpm:package-manifest": {
    "initial": {
      "name": "@steedos/ee_community-users",
      "version": "workspace:*",
      "main": "package.service.js",
      "scripts": {},
      "license": "MIT",
      "private": false,
      "publishConfig": {
        "access": "public"
      },
      "gitHead": "1447c9ca4fb57a49233704f50a7d757aff0c5027"
    },
    "prefix": "/workspace/steedos-platform/ee/community-users"
  },
  "4 debug pnpm:package-manifest": {
    "initial": {
      "name": "@steedos/ee_plugin-field-encryption",
      "version": "workspace:*",
      "main": "package.service.js",
      "scripts": {},
      "license": "MIT",
      "private": false,
      "publishConfig": {
        "access": "public"
      },
      "dependencies": {
        "chalk": "4.1.2",
        "lodash": "^4.17.21",
        "mongodb": "^3.7.3",
        "mongodb-client-encryption": "^2.1.0",
        "mongodb-uri": "0.9.7"
      },
      "gitHead": "1447c9ca4fb57a49233704f50a7d757aff0c5027"
    },
    "prefix": "/workspace/steedos-platform/ee/plugin-field-encryption"
  },
  "5 debug pnpm:package-manifest": {
    "initial": {
      "name": "@steedos/ee_sso-oidc",
      "version": "workspace:*",
      "main": "package.service.js",
      "scripts": {
        "build": "tsc"
      },
      "license": "MIT",
      "private": false,
      "publishConfig": {
        "access": "public"
      },
      "dependencies": {
        "@steedos/accounts": "workspace:*",
        "@steedos/license": "2.2.7",
        "@steedos/objectql": "workspace:*",
        "@steedos/service-package-loader": "workspace:*",
        "@techpass/passport-openidconnect": "^0.3.2",
        "node-fetch": "^2.6.7",
        "passport": "^0.6.0"
      },
      "gitHead": "1447c9ca4fb57a49233704f50a7d757aff0c5027"
    },
    "prefix": "/workspace/steedos-platform/ee/sso-oidc"
  },
  "6 debug pnpm:package-manifest": {
    "initial": {
      "name": "@steedos/ee_stimulsoft-reports",
      "version": "workspace:*",
      "description": "",
      "main": "package.service.js",
      "scripts": {},
      "author": "",
      "private": false,
      "license": "MIT",
      "publishConfig": {
        "access": "public"
      },
      "homepage": "https://developer.steedos.com",
      "gitHead": "1447c9ca4fb57a49233704f50a7d757aff0c5027",
      "dependencies": {
        "stimulsoft-reports-js": "^2021.4.3-b",
        "stream-to-string": "^1.2.0"
      }
    },
    "prefix": "/workspace/steedos-platform/ee/stimulsoft-reports"
  },
  "7 debug pnpm:package-manifest": {
    "initial": {
      "name": "@steedos/ee_unpkg-local",
      "version": "workspace:*",
      "main": "package.service.js",
      "scripts": {},
      "license": "MIT",
      "private": false,
      "publishConfig": {
        "access": "public"
      },
      "dependencies": {
        "@salesforce-ux/design-system": "^2.17.5",
        "@steedos-builder/react": "^0.2.23",
        "@steedos-ui/amis": "^2.2.34",
        "@steedos-ui/builder-community": "^2.2.34",
        "@steedos-ui/builder-widgets": "^2.2.34",
        "@steedos-ui/design-system": "^2.2.34",
        "amis": "1.10.2",
        "axios": "^0.26.1",
        "crypto-js": "^4.1.1",
        "d3": "^3.5.17",
        "lodash": "^4.17.21",
        "marked": "^4.0.17",
        "mermaid": "^9.1.2",
        "moment": "^2.24.0",
        "monaco-editor": "^0.33.0",
        "prop-types": "^15.7.2",
        "react": "^17.0.2",
        "react-dom": "^17.0.2"
      },
      "gitHead": "1447c9ca4fb57a49233704f50a7d757aff0c5027"
    },
    "prefix": "/workspace/steedos-platform/ee/unpkg-local"
  },
  "8 debug pnpm:package-manifest": {
    "initial": {
      "name": "@steedos/ee_virus-scan",
      "version": "workspace:*",
      "main": "package.service.js",
      "scripts": {},
      "license": "MIT",
      "private": false,
      "publishConfig": {
        "access": "public"
      },
      "gitHead": "1447c9ca4fb57a49233704f50a7d757aff0c5027"
    },
    "prefix": "/workspace/steedos-platform/ee/virus-scan"
  },
  "9 debug pnpm:package-manifest": {
    "initial": {
      "name": "nextjs-amis",
      "version": "workspace:*",
      "private": true,
      "scripts": {
        "dev": "node server",
        "build": "next build",
        "gitpod:init": "echo \"NEXTAUTH_URL=$(gp url 3000)\" >> .env.local",
        "start": "NODE_ENV=production node server.js"
      },
      "dependencies": {
        "@headlessui/react": "^1.6.5",
        "@heroicons/react": "^1.0.6",
        "@steedos-ui/amis": "^2.2.28",
        "@tailwindcss/forms": "^0.5.2",
        "attr-accept": "^2.2.2",
        "autoprefixer": "^10.4.7",
        "axios": "^0.27.2",
        "clsx": "^1.1.1",
        "express": "^4.18.1",
        "focus-visible": "^5.2.0",
        "lodash": "^4.17.21",
        "next": "^12.2.0",
        "next-auth": "^4.6.1",
        "postcss": "^8.4.14",
        "postcss-focus-visible": "^6.0.4",
        "react": "18.2.0",
        "react-dom": "18.2.0",
        "tailwindcss": "^3.1.3",
        "v8": "^0.1.0"
      },
      "devDependencies": {
        "@types/node": "^18.0.0",
        "@types/react": "^18.0.14",
        "eslint": "8.17.0",
        "eslint-config-next": "12.1.6",
        "prettier": "^2.7.1",
        "prettier-plugin-tailwindcss": "^0.1.11",
        "typescript": "4.6.3"
      }
    },
    "prefix": "/workspace/steedos-platform/examples/nextjs-amis"
  },
  "10 debug pnpm:package-manifest": {
    "initial": {
      "name": "steedos-node-red",
      "version": "workspace:*",
      "description": "",
      "main": "index.js",
      "scripts": {
        "start": "node --max-old-space-size=160 index.js --settings ./settings.js -v"
      },
      "dependencies": {
        "@steedos/node-red-contrib-mongodb-storage": "2.0.1",
        "@steedos/node-red-contrib-steedos": "2.0.1",
        "bcrypt": "^5.0.1",
        "body-parser": "1.x",
        "dotenv-flow": "^3.2.0",
        "express": "4.x",
        "http-shutdown": "1.2.2",
        "lodash": "^4.17.21",
        "moment": "^2.29.1",
        "mongoose": "^5.12.13",
        "node-red": "^2.2.2",
        "node-red-contrib-redis": "^1.3.9",
        "validator": "^13.6.0"
      },
      "author": "",
      "license": "ISC",
      "gitHead": "1447c9ca4fb57a49233704f50a7d757aff0c5027"
    },
    "prefix": "/workspace/steedos-platform/examples/node-red-app"
  },
  "11 debug pnpm:package-manifest": {
    "initial": {
      "name": "project-ee",
      "version": "workspace:*",
      "private": true,
      "scripts": {
        "start": "steedos start"
      },
      "dependencies": {
        "@steedos/service-enterprise": "workspace:*"
      }
    },
    "prefix": "/workspace/steedos-platform/examples/project-ee"
  },
  "12 debug pnpm:package-manifest": {
    "initial": {
      "name": "project-template",
      "version": "workspace:*",
      "private": true,
      "scripts": {
        "start": "steedos start"
      },
      "dependencies": {
        "@steedos/service-community": "workspace:*"
      }
    },
    "prefix": "/workspace/steedos-platform/examples/project-template"
  },
  "13 debug pnpm:package-manifest": {
    "initial": {
      "name": "with-tracing-jaeger",
      "version": "0.1.0",
      "private": true,
      "scripts": {
        "start:jaeger": "docker run -d --rm --name jaeger -p 6832:6832/udp -p 16686:16686 jaegertracing/all-in-one:latest",
        "start": "steedos start"
      },
      "dependencies": {
        "@steedos/service-community": "workspace:*"
      },
      "devDependencies": {
        "jaeger-client": "^3.19.0"
      }
    },
    "prefix": "/workspace/steedos-platform/examples/with-tracing-jaeger"
  },
  "14 debug pnpm:package-manifest": {
    "initial": {
      "name": "@steedos/accounts",
      "private": false,
      "version": "workspace:*",
      "main": "lib/index.js",
      "files": [
        "/package.json",
        "/README",
        "/plugin.config.yml",
        "/src",
        "/lib",
        "/views",
        "/webapp/src/i18n",
        "/webapp/build",
        "package.service.js"
      ],
      "license": "MIT",
      "scripts": {
        "start": "tsc && cross-env NODE_ENV=development nodemon -w src -x ts-node steedos-server.ts",
        "cstart": "yarn build && yarn start",
        "server": "cross-env NODE_ENV=development nodemon -w src -x ts-node server.ts",
        "build": "tsc",
        "compile": "tsc",
        "pubNext": "npm publish --tag next --registry https://registry.npmjs.org"
      },
      "dependencies": {
        "@accounts/mongo": "^0.19.0",
        "@accounts/server": "^0.19.0",
        "@accounts/two-factor": "^0.20.1",
        "@babel/runtime": "^7.12.18",
        "app-root-path": "^2.2.1",
        "bcryptjs": "^2.4.3",
        "body-parser": "1.19.0",
        "chalk": "^2.4.2",
        "cookies": "^0.8.0",
        "cors": "2.8.5",
        "csurf": "^1.11.0",
        "express": "4.17.1",
        "ismobilejs": "^1.1.1",
        "js-yaml": "^3.14.1",
        "mem": "^5.1.1",
        "mongoose": "^5.12.13",
        "nodemailer": "^6.3.0",
        "pug": "^3.0.2",
        "request-ip": "^2.2.0",
        "tslib": "^2.4.0",
        "url-join": "^4.0.1",
        "validator": "^13.6.0"
      },
      "devDependencies": {
        "@steedos/auth": "workspace:*",
        "@steedos/meteor-bundle-runner": "workspace:*",
        "@steedos/objectql": "workspace:*",
        "@types/dotenv-flow": "^3.0.0",
        "@types/node": "12.6.8",
        "cross-env": "^7.0.3",
        "dotenv": "^8.2.0",
        "dotenv-flow": "^3.1.0",
        "nodemon": "^2.0.19",
        "steedos-server": "workspace:*",
        "typescript": "4.6.3"
      },
      "publishConfig": {
        "access": "public"
      },
      "gitHead": "1447c9ca4fb57a49233704f50a7d757aff0c5027"
    },
    "prefix": "/workspace/steedos-platform/packages/accounts"
  },
  "15 debug pnpm:package-manifest": {
    "initial": {
      "name": "@steedos/auth",
      "private": false,
      "version": "workspace:*",
      "main": "lib/index.js",
      "scripts": {
        "watch": "tsc --watch",
        "test": "mocha test/**/*.ts",
        "build": "rm -rf lib && tsc"
      },
      "license": "MIT",
      "publishConfig": {
        "access": "public"
      },
      "dependencies": {
        "@steedos/cachers": "workspace:*",
        "@steedos/objectql": "workspace:*",
        "cookies": "^0.8.0",
        "express": "^4.16.4",
        "jsonwebtoken": "^8.5.1",
        "sha256": "^0.2.0",
        "underscore": "^1.9.1"
      },
      "devDependencies": {
        "typescript": "4.6.3"
      },
      "gitHead": "1447c9ca4fb57a49233704f50a7d757aff0c5027"
    },
    "prefix": "/workspace/steedos-platform/packages/auth"
  },
  "16 debug pnpm:package-manifest": {
    "initial": {
      "name": "@steedos/cachers",
      "private": false,
      "version": "workspace:*",
      "description": "",
      "main": "lib/index.js",
      "scripts": {
        "build": "tsc"
      },
      "author": "",
      "license": "ISC",
      "dependencies": {
        "lru-cache": "^7.10.1"
      },
      "devDependencies": {
        "typescript": "4.6.3"
      },
      "publishConfig": {
        "access": "public"
      },
      "gitHead": "1447c9ca4fb57a49233704f50a7d757aff0c5027"
    },
    "prefix": "/workspace/steedos-platform/packages/cachers"
  },
  "17 debug pnpm:package-manifest": {
    "initial": {
      "name": "steedos-cli",
      "version": "workspace:*",
      "description": "Develop and run your enterprise apps in miniutes",
      "main": "dist/index.js",
      "scripts": {
        "postpack": "rimraf oclif.manifest.json",
        "posttest": "eslint .",
        "prepack": "oclif-dev manifest && oclif-dev readme",
        "test": "nyc mocha --forbid-only \"test/**/*.test.js\"",
        "version-disabled": "oclif-dev readme && git add README.md",
        "build": "tsc",
        "pub_next": "npm publish --tag next --registry https://registry.npmjs.org && start https://npm.taobao.org/sync/@steedos/steedos-cli"
      },
      "bin": {
        "steedos": "./bin/run"
      },
      "repository": {
        "type": "git",
        "url": "git+https://github.com/steedos/cli.git"
      },
      "author": "",
      "license": "ISC",
      "bugs": {
        "url": "https://github.com/steedos/cli/issues"
      },
      "homepage": "https://github.com/steedos/cli#readme",
      "files": [
        "/bin",
        "/npm-shrinkwrap.json",
        "/oclif.manifest.json",
        "/default.steedos.config.js",
        "/default.steedos.settings.yml",
        "/dist"
      ],
      "dependencies": {
        "@geek/spinner": "1.0.0",
        "@oclif/command": "^1.8.16",
        "@oclif/config": "^1.8.3",
        "@oclif/plugin-help": "^5.1.12",
        "@steedos/metadata-core": "workspace:*",
        "archiver": "^5.0.2",
        "chalk": "2.4.2",
        "change-case": "^3.1.0",
        "colors": "^1.3.3",
        "compressing": "^1.5.1",
        "dotenv-flow": "^3.2.0",
        "fibers": "^4.0.3",
        "fs-extra": "^7.0.1",
        "glob": "^7.1.6",
        "inquirer": "^6.2.2",
        "js-yaml": "^3.14.1",
        "latest-version": "^5.1.0",
        "moleculer": "^0.14.21",
        "readline-sync": "^1.4.10",
        "reflect-metadata": "^0.1.13",
        "request": "^2.88.2",
        "request-promise": "^4.2.5",
        "rimraf": "3.0.2",
        "underscore": "^1.11.0",
        "validator": "^13.5.2",
        "yargs": "^13.2.1",
        "yn": "^2.0.0"
      },
      "devDependencies": {
        "@oclif/dev-cli": "^1.26.10",
        "@oclif/test": "^2.1.0",
        "moleculer-repl": "^0.7.1"
      },
      "oclif": {
        "commands": "./dist/commands",
        "bin": "steedos",
        "plugins": [
          "@oclif/plugin-help"
        ]
      },
      "publishConfig": {
        "access": "public"
      },
      "gitHead": "1447c9ca4fb57a49233704f50a7d757aff0c5027"
    },
    "prefix": "/workspace/steedos-platform/packages/cli"
  },
  "18 debug pnpm:package-manifest": {
    "initial": {
      "private": false,
      "name": "@steedos/client",
      "version": "workspace:*",
      "description": "client lib for steedos",
      "main": "lib/index.js",
      "scripts": {
        "watch": "tsc --watch",
        "build": "tsc",
        "test": "mocha test/unit/*.ts"
      },
      "devDependencies": {
        "typescript": "4.6.3"
      },
      "publishConfig": {
        "access": "public"
      },
      "license": "MIT",
      "dependencies": {
        "@steedos/filters": "workspace:*",
        "node-fetch": "^2.6.7"
      },
      "gitHead": "1447c9ca4fb57a49233704f50a7d757aff0c5027"
    },
    "prefix": "/workspace/steedos-platform/packages/client"
  },
  "19 debug pnpm:package-manifest": {
    "initial": {
      "name": "@steedos/core",
      "private": false,
      "version": "workspace:*",
      "description": "",
      "main": "lib/index.js",
      "scripts": {
        "start": "nodemon server.js",
        "watch": "tsc --watch",
        "debug": "nodemon --inspect server.js",
        "test": "mocha test/**/*.ts",
        "build": "tsc"
      },
      "author": "",
      "license": "ISC",
      "dependencies": {
        "@steedos/auth": "workspace:*",
        "@steedos/i18n": "workspace:*",
        "@steedos/license": "2.2.7",
        "@steedos/metadata-core": "workspace:*",
        "@steedos/migrate": "workspace:*",
        "@steedos/objectql": "workspace:*",
        "@steedos/process": "workspace:*",
        "@steedos/standard-objects": "workspace:*",
        "@steedos/steedos-plugin-schema-builder": "workspace:*",
        "body-parser": "^1.18.1",
        "bunyan-sfdx-no-dtrace": "^1.8.2",
        "clone": "^2.1.2",
        "cookies": "^0.8.0",
        "express": "^4.15.4",
        "express-session": "1.17.1",
        "fibers": "^4.0.3",
        "globby": "^11.1.0",
        "js-yaml": "^3.14.1",
        "jsen": "^0.6.6",
        "json2xls": "^0.1.2",
        "mongodb": "^3.7.3",
        "odata-v4-mongodb": "^0.1.12",
        "reflect-metadata": "^0.1.10",
        "routing-controllers": "^0.7.7",
        "simpl-schema": "^1.5.5",
        "underscore": "1.5.2"
      },
      "devDependencies": {
        "@salesforce/dev-config": "^2.1.3",
        "@salesforce/kit": "^1.0.4",
        "@salesforce/ts-types": "^1.1.1",
        "@steedos/meteor-bundle-runner": "workspace:*",
        "@types/express": "^4.16.1",
        "@types/node": "^11.10.4",
        "@types/underscore": "^1.8.13",
        "jslint": "^0.12.1",
        "typescript": "4.6.3"
      },
      "types": "lib/index.d.ts",
      "publishConfig": {
        "access": "public"
      },
      "gitHead": "1447c9ca4fb57a49233704f50a7d757aff0c5027"
    },
    "prefix": "/workspace/steedos-platform/packages/core"
  },
  "20 debug pnpm:package-manifest": {
    "initial": {
      "name": "create-steedos-app",
      "version": "workspace:*",
      "keywords": [
        "react",
        "steedos"
      ],
      "description": "Create steedos apps with one command",
      "repository": {
        "type": "git",
        "url": "https://github.com/steedos/steedos-platform",
        "directory": "packages/create-next-app"
      },
      "author": "Steedos Team <support@steedos.com>",
      "license": "MIT",
      "bin": {
        "create-steedos-app": "./dist/index.js"
      },
      "files": [
        "dist"
      ],
      "scripts": {
        "dev": "ncc build ./index.ts -w -o dist/",
        "prebuild": "rimraf ./dist/",
        "build": "ncc build ./index.ts -o ./dist/ --minify --no-cache --no-source-map-register"
      },
      "devDependencies": {
        "@types/async-retry": "1.4.2",
        "@types/cross-spawn": "6.0.0",
        "@types/node": "^12.6.8",
        "@types/prompts": "2.0.1",
        "@types/rimraf": "3.0.0",
        "@types/tar": "4.0.3",
        "@types/validate-npm-package-name": "3.0.0",
        "@vercel/ncc": "0.33.4",
        "async-retry": "1.3.1",
        "chalk": "2.4.2",
        "commander": "2.20.0",
        "cpy": "7.3.0",
        "cross-spawn": "6.0.5",
        "got": "10.7.0",
        "prompts": "2.1.0",
        "rimraf": "3.0.2",
        "tar": "4.4.10",
        "update-check": "1.5.4",
        "validate-npm-package-name": "3.0.0"
      },
      "engines": {
        "node": ">=12.22.0"
      },
      "gitHead": "1447c9ca4fb57a49233704f50a7d757aff0c5027"
    },
    "prefix": "/workspace/steedos-platform/packages/create-steedos-app"
  },
  "21 debug pnpm:package-manifest": {
    "initial": {
      "name": "create-steedos-package",
      "version": "workspace:*",
      "keywords": [
        "steedos"
      ],
      "description": "Create steedos package with no build configuration.",
      "repository": {
        "type": "git",
        "url": "https://github.com/steedos/steedos-platform.git",
        "directory": "packages/create-steedos-package"
      },
      "license": "MIT",
      "engines": {
        "node": ">=12"
      },
      "bugs": {
        "url": "https://github.com/steedos/steedos-platform/issues"
      },
      "files": [
        "index.js",
        "templates/**",
        "createSteedosPackage.js"
      ],
      "bin": {
        "create-steedos-package": "./index.js"
      },
      "dependencies": {
        "@geek/spinner": "1.0.0",
        "chalk": "3.0.0",
        "commander": "4.1.0",
        "cpy": "7.3.0",
        "fs-extra": "8.1.0"
      },
      "resolutions": {
        "**/chalk": "3.0.0"
      },
      "private": false,
      "publishConfig": {
        "access": "public"
      },
      "gitHead": "1447c9ca4fb57a49233704f50a7d757aff0c5027"
    },
    "prefix": "/workspace/steedos-platform/packages/create-steedos-package"
  },
  "22 debug pnpm:package-manifest": {
    "initial": {
      "name": "@steedos/data-import",
      "version": "workspace:*",
      "main": "lib/index.js",
      "license": "MIT",
      "scripts": {
        "build": "tsc"
      },
      "dependencies": {
        "@steedos/core": "workspace:*",
        "@steedos/objectql": "workspace:*",
        "dotenv-flow": "^3.1.0",
        "node-xlsx": "^0.16.1"
      },
      "devDependencies": {
        "typescript": "4.6.3"
      },
      "private": false,
      "publishConfig": {
        "access": "public"
      },
      "gitHead": "1447c9ca4fb57a49233704f50a7d757aff0c5027"
    },
    "prefix": "/workspace/steedos-platform/packages/data-import"
  },
  "23 debug pnpm:package-manifest": {
    "initial": {
      "name": "@steedos/filters",
      "private": false,
      "version": "workspace:*",
      "description": "filters lib for steedos",
      "main": "lib/index.js",
      "files": [
        "lib"
      ],
      "license": "Apache",
      "scripts": {
        "test": "yarn build && mocha test/**/*.js",
        "build": "babel -d lib src/"
      },
      "dependencies": {
        "@babel/runtime": "7.12.18",
        "moment": "^2.24.0",
        "underscore": "^1.9.1"
      },
      "devDependencies": {
        "@babel/cli": "^7.8.4",
        "@babel/core": "^7.8.4",
        "@babel/plugin-proposal-class-properties": "^7.8.4",
        "@babel/plugin-proposal-json-strings": "^7.8.4",
        "@babel/plugin-syntax-dynamic-import": "^7.8.3",
        "@babel/plugin-syntax-import-meta": "^7.8.4",
        "@babel/plugin-transform-runtime": "^7.8.4",
        "@babel/preset-env": "^7.8.4",
        "@babel/register": "^7.8.4"
      },
      "publishConfig": {
        "access": "public"
      },
      "gitHead": "1447c9ca4fb57a49233704f50a7d757aff0c5027"
    },
    "prefix": "/workspace/steedos-platform/packages/filters"
  },
  "24 debug pnpm:package-manifest": {
    "initial": {
      "name": "@steedos/i18n",
      "private": false,
      "version": "workspace:*",
      "description": "",
      "main": "lib/index.js",
      "scripts": {
        "build": "tsc",
        "test": "echo \"Error: no test specified\" && exit 1"
      },
      "author": "",
      "license": "ISC",
      "dependencies": {
        "@steedos/cachers": "workspace:*",
        "i18next": "^19.3.4",
        "i18next-sprintf-postprocessor": "^0.2.2"
      },
      "devDependencies": {
        "typescript": "4.6.3"
      },
      "publishConfig": {
        "access": "public"
      },
      "gitHead": "1447c9ca4fb57a49233704f50a7d757aff0c5027"
    },
    "prefix": "/workspace/steedos-platform/packages/i18n"
  },
  "25 debug pnpm:package-manifest": {
    "initial": {
      "name": "@steedos/metadata-api",
      "version": "workspace:*",
      "description": "",
      "main": "lib/index.js",
      "files": [
        "lib/**",
        "plugin.config.yml",
        "package.service.js"
      ],
      "scripts": {
        "start": "node server.js",
        "watch": "tsc --watch",
        "build": "tsc",
        "uploadZip": "mocha test/unit/uploadfiles.ts --opts test/mocha.opts"
      },
      "author": "",
      "license": "MIT",
      "private": false,
      "publishConfig": {
        "access": "public"
      },
      "dependencies": {
        "@steedos/core": "workspace:*",
        "@steedos/metadata-core": "workspace:*",
        "chalk": "^4.1.0",
        "compressing": "^1.5.1",
        "dotenv-flow": "^3.1.0",
        "form-data": "^3.0.0",
        "js-yaml": "^3.14.1",
        "mongodb": "^3.7.3",
        "node-fetch": "^2.6.7",
        "underscore": "^1.11.0"
      },
      "devDependencies": {
        "@salesforce/dev-config": "^2.1.3",
        "@steedos/service-meteor-package-loader": "workspace:*",
        "javascript-obfuscator": "^2.9.1",
        "typescript": "4.6.3"
      },
      "gitHead": "1447c9ca4fb57a49233704f50a7d757aff0c5027"
    },
    "prefix": "/workspace/steedos-platform/packages/metadata-api"
  },
  "26 debug pnpm:package-manifest": {
    "initial": {
      "name": "@steedos/metadata-core",
      "version": "workspace:*",
      "description": "",
      "main": "lib/index.js",
      "files": [
        "lib/**",
        "type_infos/**"
      ],
      "scripts": {
        "test": "echo \"Error: no test specified\" && exit 1",
        "build": "tsc"
      },
      "dependencies": {
        "@steedos/client": "workspace:*",
        "archiver": "^5.1.0",
        "chalk": "^4.1.0",
        "clone": "^2.1.2",
        "compressing": "^1.5.1",
        "dotenv-flow": "^3.2.0",
        "eval": "^0.1.4",
        "glob": "^7.1.6",
        "globby": "^11.1.0",
        "ini": "^2.0.0",
        "js-beautify": "^1.13.1",
        "js-yaml": "^3.14.1",
        "underscore": "^1.11.0"
      },
      "devDependencies": {
        "@types/glob": "^7.1.3",
        "@types/node": "^14.14.10",
        "javascript-obfuscator": "^2.9.4",
        "typescript": "4.6.3"
      },
      "author": "",
      "license": "MIT",
      "private": false,
      "publishConfig": {
        "access": "public"
      },
      "gitHead": "1447c9ca4fb57a49233704f50a7d757aff0c5027"
    },
    "prefix": "/workspace/steedos-platform/packages/metadata-core"
  },
  "27 debug pnpm:package-manifest": {
    "initial": {
      "name": "@steedos/metadata-registrar",
      "version": "workspace:*",
      "description": "",
      "main": "lib/index.js",
      "files": [
        "lib/**",
        "type_infos/**"
      ],
      "scripts": {
        "test": "echo \"Error: no test specified\" && exit 1",
        "build": "tsc"
      },
      "dependencies": {
        "@steedos/client": "workspace:*",
        "archiver": "^5.1.0",
        "chalk": "^4.1.0",
        "clone": "^2.1.2",
        "compressing": "^1.5.1",
        "dotenv-flow": "^3.2.0",
        "eval": "^0.1.4",
        "glob": "^7.1.6",
        "globby": "^11.1.0",
        "ini": "^2.0.0",
        "js-beautify": "^1.13.1",
        "js-yaml": "^3.14.1",
        "underscore": "^1.11.0"
      },
      "devDependencies": {
        "@types/glob": "^7.1.3",
        "@types/node": "^14.14.10",
        "javascript-obfuscator": "^2.9.4",
        "typescript": "4.6.3"
      },
      "author": "",
      "license": "MIT",
      "private": false,
      "publishConfig": {
        "access": "public"
      },
      "gitHead": "1447c9ca4fb57a49233704f50a7d757aff0c5027"
    },
    "prefix": "/workspace/steedos-platform/packages/metadata-registrar"
  },
  "28 debug pnpm:package-manifest": {
    "initial": {
      "name": "@steedos/meteor-bundle-dependencies",
      "version": "workspace:*",
      "description": "",
      "main": "index.js",
      "private": false,
      "scripts": {
        "test": "echo \"Error: no test specified\" && exit 1"
      },
      "author": "Jack Zhuang",
      "license": "ISC",
      "dependencies": {
        "apn": "1.6.2",
        "arson": "0.2.6",
        "basic-auth-connect": "1.0.0",
        "bcryptjs": "^2.4.3",
        "cli-color": "0.2.3",
        "combined-stream2": "1.1.2",
        "compression": "1.7.1",
        "connect": "3.6.5",
        "cookie-parser": "1.4.3",
        "cookies": "^0.8.0",
        "decimal.js": "^10.0.2",
        "errorhandler": "1.5.0",
        "es5-shim": "4.5.10",
        "faye-websocket": "0.11.1",
        "install": "0.12.2",
        "json5": "2.1.0",
        "lolex": "2.3.1",
        "meteor-babel": "7.2.0",
        "meteor-babel-helpers": "0.0.3",
        "meteor-deque": "2.1.0",
        "meteor-promise": "0.8.7",
        "mongodb": "^3.7.3",
        "mongodb-uri": "0.9.7",
        "node-fetch": "^2.6.7",
        "node-gcm": "0.14.4",
        "node4mailer": "4.0.3",
        "parseurl": "1.3.2",
        "permessage-deflate": "0.1.6",
        "phone": "1.0.3",
        "promise": "8.0.2",
        "qs-middleware": "1.0.3",
        "reify": "0.17.3",
        "request": "2.88.2",
        "semver": "5.4.1",
        "send": "0.16.1",
        "sha256": "0.2.0",
        "sockjs": "^0.3.24",
        "stream-buffers": "0.2.5",
        "stream-to-string": "1.1.0",
        "useragent": "2.3.0",
        "uuid": "^8.3.2",
        "whatwg-fetch": "2.0.4"
      },
      "publishConfig": {
        "access": "public"
      },
      "gitHead": "1447c9ca4fb57a49233704f50a7d757aff0c5027"
    },
    "prefix": "/workspace/steedos-platform/packages/meteor-bundle-dependencies"
  },
  "29 debug pnpm:package-manifest": {
    "initial": {
      "name": "@steedos/meteor-bundle-runner",
      "version": "workspace:*",
      "description": "Run meteor bundles and inject your own nodejs code.",
      "main": "index.js",
      "private": false,
      "scripts": {
        "test": "echo \"Error: no test specified\" && exit 1",
        "pub_next": "npm publish --tag next --registry https://registry.npmjs.org && start https://npm.taobao.org/sync/@steedos/meteor-bundle-runner"
      },
      "keywords": [
        "meteor"
      ],
      "author": "Jack Zhuang",
      "license": "ISC",
      "dependencies": {
        "@mapbox/node-pre-gyp": "1.0.9",
        "fibers": "4.0.3",
        "meteor-promise": "0.8.5",
        "open": "^7.3.0",
        "promise": "8.0.1",
        "semver": "5.3.0",
        "source-map-support": "^0.5.10",
        "underscore": "1.5.2"
      },
      "publishConfig": {
        "access": "public"
      },
      "gitHead": "1447c9ca4fb57a49233704f50a7d757aff0c5027"
    },
    "prefix": "/workspace/steedos-platform/packages/meteor-bundle-runner"
  },
  "30 debug pnpm:package-manifest": {
    "initial": {
      "name": "@steedos/migrate",
      "version": "workspace:*",
      "description": "Migration scripts for steedos",
      "main": "index.js",
      "license": "MIT",
      "private": false,
      "dependencies": {
        "migrate": "^1.6.2"
      },
      "publishConfig": {
        "access": "public"
      },
      "gitHead": "1447c9ca4fb57a49233704f50a7d757aff0c5027"
    },
    "prefix": "/workspace/steedos-platform/packages/migrate"
  },
  "31 debug pnpm:package-manifest": {
    "initial": {
      "name": "@steedos/mongodb-bi-connector",
      "version": "workspace:*",
      "main": "package.service.js",
      "license": "MIT",
      "scripts": {
        "build": "tsc",
        "start": "yarn build && moleculer-runner --repl --hot lib/index.js"
      },
      "dependencies": {
        "dotenv-flow": "^3.1.0",
        "ioredis": "^4.22.0",
        "moleculer": "^0.14.21",
        "mongodb": "^3.7.3"
      },
      "devDependencies": {
        "nodemon": "^2.0.19",
        "typescript": "4.6.3"
      },
      "private": false,
      "publishConfig": {
        "access": "public"
      },
      "gitHead": "1447c9ca4fb57a49233704f50a7d757aff0c5027"
    },
    "prefix": "/workspace/steedos-platform/packages/mongodb-bi-connector"
  },
  "32 debug pnpm:package-manifest": {
    "initial": {
      "name": "@steedos/objectql",
      "private": false,
      "version": "workspace:*",
      "description": "",
      "main": "lib/index.js",
      "scripts": {
        "start": "nodemon server.js",
        "watch": "tsc --watch",
        "debug": "nodemon --inspect server.js",
        "test": "mocha test/unit/**/*.ts",
        "build": "rm -rf ./lib && tsc"
      },
      "author": "",
      "license": "ISC",
      "dependencies": {
        "@salesforce/kit": "^1.0.4",
        "@salesforce/ts-types": "^1.1.1",
        "@steedos/cachers": "workspace:*",
        "@steedos/filters": "workspace:*",
        "@steedos/formula": "workspace:*",
        "@steedos/metadata-core": "workspace:*",
        "@steedos/odata-v4-sql": "workspace:*",
        "@steedos/odata-v4-typeorm": "workspace:*",
        "@steedos/schemas": "workspace:*",
        "@steedos/standard-objects": "workspace:*",
        "app-root-path": "^2.2.1",
        "body-parser": "^1.18.1",
        "bunyan-sfdx-no-dtrace": "^1.8.2",
        "clone": "^2.1.2",
        "cookies": "^0.8.0",
        "eval": "^0.1.4",
        "express": "^4.15.4",
        "fibers": "^4.0.3",
        "globby": "^11.1.0",
        "graphql": "^15.8.0",
        "graphql-parse-resolve-info": "^4.12.3",
        "jsen": "^0.6.6",
        "lodash": "^4.17.21",
        "mingo": "^6.0.5",
        "moleculer": "^0.14.21",
        "moleculer-apollo-server": "^0.3.6",
        "moment": "^2.29.1",
        "mongodb": "^3.7.3",
        "mongodb-uri": "^0.9.7",
        "odata-v4-mongodb": "^0.1.12",
        "reflect-metadata": "^0.1.10",
        "routing-controllers": "^0.7.7",
        "typeorm": "0.2.28",
        "underscore": "1.5.2"
      },
      "devDependencies": {
        "@salesforce/dev-config": "^2.1.3",
        "@steedos/meteor-bundle-runner": "workspace:*",
        "@types/express": "^4.16.1",
        "@types/node": "^11.10.4",
        "@types/underscore": "^1.8.13",
        "typescript": "4.6.3"
      },
      "types": "lib/index.d.ts",
      "publishConfig": {
        "access": "public"
      },
      "gitHead": "1447c9ca4fb57a49233704f50a7d757aff0c5027"
    },
    "prefix": "/workspace/steedos-platform/packages/objectql"
  },
  "33 debug pnpm:package-manifest": {
    "initial": {
      "name": "@steedos/odata-v4-sql",
      "version": "workspace:*",
      "description": "OData to SQL query compiler",
      "main": "lib/index.js",
      "typings": "lib/index",
      "directories": {
        "test": "test"
      },
      "scripts": {
        "build": "tsc",
        "pretest": "npm run build",
        "test": "mocha",
        "pretdd": "npm run build",
        "tdd": "mocha -w",
        "prepare": "npm run build"
      },
      "repository": {
        "type": "git",
        "url": "git+https://github.com/jaystack/odata-v4-sql.git"
      },
      "keywords": [
        "OData",
        "V4",
        "sql"
      ],
      "author": "JayStack",
      "license": "MIT",
      "bugs": {
        "url": "https://github.com/jaystack/odata-v4-sql/issues"
      },
      "homepage": "https://github.com/jaystack/odata-v4-sql#readme",
      "dependencies": {
        "odata-v4-literal": "^0.1.0",
        "odata-v4-parser": "^0.1.29"
      },
      "publishConfig": {
        "access": "public"
      },
      "devDependencies": {
        "typescript": "^4.6.3"
      },
      "gitHead": "1447c9ca4fb57a49233704f50a7d757aff0c5027"
    },
    "prefix": "/workspace/steedos-platform/packages/odata-v4-sql"
  },
  "34 debug pnpm:package-manifest": {
    "initial": {
      "name": "@steedos/odata-v4-typeorm",
      "private": false,
      "version": "workspace:*",
      "description": "OData to TYPEORM query compiler",
      "main": "lib/index.js",
      "typings": "lib/index",
      "directories": {
        "test": "test"
      },
      "scripts": {
        "build": "tsc"
      },
      "repository": {
        "type": "git",
        "url": "git+https://github.com/steedos/odata-v4-typeorm.git"
      },
      "keywords": [
        "OData",
        "V4",
        "sql",
        "typeorm",
        "node"
      ],
      "author": "andryuha49",
      "license": "MIT",
      "bugs": {
        "url": "https://github.com/steedos/odata-v4-typeorm/issues"
      },
      "homepage": "https://github.com/steedos/odata-v4-typeorm#readme",
      "dependencies": {
        "@steedos/odata-v4-sql": "workspace:*",
        "odata-v4-parser": "^0.1.29"
      },
      "publishConfig": {
        "access": "public"
      },
      "gitHead": "1447c9ca4fb57a49233704f50a7d757aff0c5027"
    },
    "prefix": "/workspace/steedos-platform/packages/odata-v4-typeorm"
  },
  "35 debug pnpm:package-manifest": {
    "initial": {
      "name": "@steedos/plugin-company",
      "private": false,
      "version": "workspace:*",
      "description": "Enterprise plugin for steedos",
      "main": "index.js",
      "repository": {
        "type": "git",
        "url": "git+https://github.com/steedos/object-server.git"
      },
      "author": "",
      "license": "ISC",
      "bugs": {
        "url": "https://github.com/steedos/object-server/issues"
      },
      "homepage": "https://github.com/steedos/object-server#readme",
      "publishConfig": {
        "access": "public"
      },
      "gitHead": "1447c9ca4fb57a49233704f50a7d757aff0c5027"
    },
    "prefix": "/workspace/steedos-platform/packages/plugin-company"
  },
  "36 debug pnpm:package-manifest": {
    "initial": {
      "name": "@steedos/process",
      "version": "workspace:*",
      "main": "lib/index.js",
      "repository": "https://github.com/steedos/steedos-platform.git",
      "scripts": {
        "build": "tsc"
      },
      "author": "",
      "license": "ISC",
      "private": false,
      "publishConfig": {
        "access": "public"
      },
      "devDependencies": {
        "typescript": "4.6.3"
      },
      "dependencies": {
        "@steedos/auth": "workspace:*",
        "@steedos/objectql": "workspace:*"
      },
      "gitHead": "1447c9ca4fb57a49233704f50a7d757aff0c5027"
    },
    "prefix": "/workspace/steedos-platform/packages/process"
  },
  "37 debug pnpm:package-manifest": {
    "initial": {
      "name": "@steedos/schemas",
      "version": "workspace:*",
      "main": "index.js",
      "repository": "https://github.com/steedos/schemas.git",
      "author": "sunhaolin <sunhaolin@hotoa.com>",
      "license": "MIT",
      "private": false,
      "publishConfig": {
        "access": "public"
      },
      "gitHead": "1447c9ca4fb57a49233704f50a7d757aff0c5027"
    },
    "prefix": "/workspace/steedos-platform/packages/schemas"
  },
  "38 debug pnpm:package-manifest": {
    "initial": {
      "name": "@steedos/standard-objects",
      "private": false,
      "version": "workspace:*",
      "description": "Standard objects for steedos",
      "main": "index.js",
      "license": "Apache",
      "scripts": {},
      "publishConfig": {
        "access": "public"
      },
      "gitHead": "1447c9ca4fb57a49233704f50a7d757aff0c5027"
    },
    "prefix": "/workspace/steedos-platform/packages/standard-objects"
  },
  "39 debug pnpm:package-manifest": {
    "initial": {
      "name": "@steedos/plugin-dingtalk",
      "version": "workspace:*",
      "private": false,
      "description": "",
      "publishConfig": {
        "access": "public",
        "registry": "https://registry.npmjs.org/"
      },
      "author": "Jack Zhuang",
      "repository": {
        "type": "git",
        "url": "https://github.com/steedos/steedos-plugin-dingtalk.git"
      },
      "main": "index.js",
      "scripts": {
        "debug": "tsc && nodemon server.js",
        "start": "node server",
        "test": "echo \"Error: no test specified\" && exit 1"
      },
      "license": "ISC",
      "dependencies": {
        "@steedos/service-meteor-package-loader": "workspace:*",
        "bcrypt": "^5.0.1",
        "bootstrap": "^3.3.7",
        "cookies": "^0.8.0",
        "dotenv-flow": "^3.1.0",
        "express": "^4.17.1",
        "jsdom": "^16.2.2",
        "jshashes": "^1.0.8",
        "node-fetch": "^2.6.7",
        "wechat-crypto": "^0.0.2",
        "wx-ding-aes": "^0.0.10"
      },
      "devDependencies": {
        "@steedos/accounts": "workspace:*",
        "babel-runtime": "^6.23.0",
        "nodemon": "^2.0.19",
        "steedos-server": "workspace:*"
      },
      "homepage": "https://github.com/steedos/steedos-plugin-qywx#readme",
      "gitHead": "1447c9ca4fb57a49233704f50a7d757aff0c5027"
    },
    "prefix": "/workspace/steedos-platform/packages/steedos-plugin-dingtalk"
  },
  "40 debug pnpm:package-manifest": {
    "initial": {
      "name": "@steedos/plugin-qywx",
      "version": "workspace:*",
      "private": false,
      "description": "",
      "publishConfig": {
        "access": "public",
        "registry": "https://registry.npmjs.org/"
      },
      "author": "Jack Zhuang",
      "repository": {
        "type": "git",
        "url": "https://github.com/steedos/steedos-plugin-qywx.git"
      },
      "main": "index.js",
      "scripts": {
        "debug": "tsc && nodemon server.js",
        "start": "node server",
        "test": "echo \"Error: no test specified\" && exit 1"
      },
      "license": "ISC",
      "dependencies": {
        "@steedos/service-meteor-package-loader": "workspace:*",
        "bcrypt": "^5.0.1",
        "bootstrap": "^3.3.7",
        "cookies": "^0.8.0",
        "dotenv-flow": "^3.1.0",
        "express": "^4.17.1",
        "express-xml-bodyparser": "0.3.0",
        "jsdom": "^16.2.2",
        "jshashes": "^1.0.8",
        "wechat-crypto": "^0.0.2",
        "xml2js": "0.4.23"
      },
      "devDependencies": {
        "@steedos/accounts": "workspace:*",
        "babel-runtime": "^6.23.0",
        "nodemon": "^2.0.19",
        "steedos-server": "workspace:*"
      },
      "homepage": "https://github.com/steedos/steedos-plugin-qywx#readme",
      "gitHead": "1447c9ca4fb57a49233704f50a7d757aff0c5027"
    },
    "prefix": "/workspace/steedos-platform/packages/steedos-plugin-qywx"
  },
  "41 debug pnpm:package-manifest": {
    "initial": {
      "name": "@steedos/steedos-plugin-schema-builder",
      "version": "workspace:*",
      "description": "",
      "main": "index.js",
      "author": "",
      "license": "ISC",
      "private": false,
      "publishConfig": {
        "access": "public"
      },
      "homepage": "https://www.steedos.com",
      "gitHead": "1447c9ca4fb57a49233704f50a7d757aff0c5027"
    },
    "prefix": "/workspace/steedos-platform/packages/steedos-plugin-schema-builder"
  },
  "42 debug pnpm:package-manifest": {
    "initial": {
      "name": "steedos-server",
      "version": "workspace:*",
      "main": "index.js",
      "files": [
        "/bundle/programs/server/app",
        "/bundle/programs/server/assets",
        "/bundle/programs/server/packages",
        "/bundle/programs/server/config.json",
        "/bundle/programs/server/package.json",
        "/bundle/programs/server/program.json",
        "/bundle/programs/web.browser",
        "/bundle/programs/web.browser.legacy",
        "/bundle/programs/web.cordova",
        "/package.json"
      ],
      "scripts": {
        "start": "node server"
      },
      "dependencies": {
        "@babel/runtime": "7.12.18",
        "@steedos/accounts": "workspace:*",
        "@steedos/auth": "workspace:*",
        "@steedos/core": "workspace:*",
        "@steedos/filters": "workspace:*",
        "@steedos/i18n": "workspace:*",
        "@steedos/license": "2.2.7",
        "@steedos/meteor-bundle-dependencies": "workspace:*",
        "@steedos/meteor-bundle-runner": "workspace:*",
        "@steedos/objectql": "workspace:*",
        "@steedos/process": "workspace:*",
        "@steedos/standard-objects": "workspace:*",
        "@steedos/webapp": "2.2.25",
        "basic-auth": "^2.0.1",
        "bcrypt": "^5.0.1",
        "body-parser": "^1.18.3",
        "buffer-stream-reader": "^0.1.1",
        "busboy": "^0.2.13",
        "chalk": "^1.1.3",
        "clone": "2.1.1",
        "combined-stream": "0.0.4",
        "connect": "^3.6.6",
        "connect-route": "^0.1.5",
        "cookies": "^0.6.2",
        "cors": "^2.8.5",
        "csv": "^5.1.3",
        "ejs": "^3.1.8",
        "eval": "0.1.2",
        "express": "^4.16.4",
        "fibers": "^4.0.3",
        "gm": "^1.17.0",
        "gridfs-stream": "^1.1.1",
        "handlebars": "^4.7.7",
        "js-yaml": "^3.14.1",
        "jszip": "^3.1.5",
        "knockout": "^3.4.2",
        "lodash": "^4.17.21",
        "md5": "^2.2.1",
        "meteor-node-stubs": "^0.4.1",
        "mime": "^2.0.2",
        "mkdirp": "^1.0.4",
        "mongodb": "^3.7.3",
        "negotiator": "^0.6.1",
        "node-rsa": "1.0.0",
        "node-schedule": "^1.3.1",
        "node-xlsx": "^0.12.0",
        "oauth2-server": "2.4.1",
        "odata-v4-mongodb": "^0.1.12",
        "odata-v4-parser": "^0.1.29",
        "odata-v4-service-document": "0.0.3",
        "odata-v4-service-metadata": "^0.1.6",
        "phone": "^1.0.12",
        "qs": "^6.6.0",
        "querystring": "^0.2.0",
        "request": "2.88.2",
        "requestretry": "7.1.0",
        "sha256": "^0.2.0",
        "socket.io": "^4.5.1",
        "socket.io-client": "^4.5.1",
        "stream-buffers": "^0.2.5",
        "strip-json-comments": "2.0.1",
        "superagent": "^8.0.0",
        "temp": "^0.7.0",
        "unpipe": "1.0.0",
        "url-search-params-polyfill": "^7.0.0",
        "xml2js": "^0.4.19"
      },
      "gitHead": "1447c9ca4fb57a49233704f50a7d757aff0c5027"
    },
    "prefix": "/workspace/steedos-platform/server"
  },
  "43 debug pnpm:package-manifest": {
    "initial": {
      "name": "@steedos/workflow",
      "version": "workspace:*",
      "main": "index.js",
      "repository": "https://github.com/steedos/steedos-platform/packages/workflow.git",
      "author": "sunhaolin <sunhaolin@hotoa.com>",
      "license": "MIT",
      "private": false,
      "publishConfig": {
        "access": "public"
      },
      "dependencies": {
        "@steedos/auth": "workspace:*",
        "@steedos/objectql": "workspace:*",
        "@steedos/steedos-plugin-workflow": "^2.1.3",
        "body-parser": "^1.19.0",
        "express": "^4.17.1",
        "underscore": "^1.9.1"
      },
      "devDependencies": {
        "@steedos/core": "workspace:*",
        "@steedos/meteor-bundle-runner": "workspace:*",
        "steedos-server": "workspace:*"
      },
      "gitHead": "1447c9ca4fb57a49233704f50a7d757aff0c5027"
    },
    "prefix": "/workspace/steedos-platform/packages/workflow"
  },
  "44 debug pnpm:package-manifest": {
    "initial": {
      "name": "@steedos/service-accounts",
      "version": "workspace:*",
      "main": "package.service.js",
      "license": "MIT",
      "dependencies": {
        "node-schedule": "^2.0.0"
      },
      "private": false,
      "publishConfig": {
        "access": "public"
      },
      "gitHead": "1447c9ca4fb57a49233704f50a7d757aff0c5027"
    },
    "prefix": "/workspace/steedos-platform/services/service-accounts"
  },
  "45 debug pnpm:package-manifest": {
    "initial": {
      "name": "@steedos/service-api",
      "version": "workspace:*",
      "main": "index.js",
      "license": "MIT",
      "dependencies": {
        "@steedos/auth": "workspace:*",
        "graphql": "^15.8.0",
        "graphql-iso-date": "^3.6.1",
        "graphql-type-json": "^0.3.2",
        "moleculer": "^0.14.21",
        "moleculer-apollo-server": "^0.3.6",
        "moleculer-web": "^0.10.4"
      },
      "private": false,
      "publishConfig": {
        "access": "public"
      },
      "gitHead": "1447c9ca4fb57a49233704f50a7d757aff0c5027"
    },
    "prefix": "/workspace/steedos-platform/services/service-api"
  },
  "46 debug pnpm:package-manifest": {
    "initial": {
      "name": "@steedos/service-cachers-manager",
      "version": "workspace:*",
      "main": "index.js",
      "license": "MIT",
      "private": false,
      "dependencies": {
        "@steedos/cachers": "workspace:*"
      },
      "publishConfig": {
        "access": "public"
      },
      "gitHead": "1447c9ca4fb57a49233704f50a7d757aff0c5027"
    },
    "prefix": "/workspace/steedos-platform/services/service-cachers-manager"
  },
  "47 debug pnpm:package-manifest": {
    "initial": {
      "name": "@steedos/service-charts",
      "private": false,
      "version": "workspace:*",
      "description": "Enterprise plugin for steedos",
      "main": "package.service.js",
      "repository": {
        "type": "git",
        "url": "git+https://github.com/steedos/object-server.git"
      },
      "scripts": {
        "start": "moleculer-runner services",
        "start:steedos": "cross-env NODEID=STEEDOS-SERVER moleculer-runner services/steedos-server",
        "start:app": "cross-env NODEID=STEEDOS-APP moleculer-runner --repl services/steedos-app",
        "console": "cross-env NODEID=STEEDOS-CONSOLE moleculer connect --config ./moleculer.config.js",
        "buildPackage": "steedos package:build -n admin -p steedos-app",
        "pub_next": "npm publish --tag next --registry https://registry.npmjs.org && start https://npm.taobao.org/sync/@steedos/app-admin"
      },
      "devDependencies": {
        "@steedos/service-metadata-server": "workspace:*",
        "@steedos/service-package-loader": "workspace:*",
        "@steedos/service-steedos-server": "workspace:*",
        "cross-env": "^7.0.3",
        "dotenv-flow": "^3.2.0",
        "ioredis": "^4.22.0",
        "moleculer": "^0.14.21"
      },
      "author": "",
      "license": "ISC",
      "bugs": {
        "url": "https://github.com/steedos/object-server/issues"
      },
      "homepage": "https://github.com/steedos/object-server#readme",
      "publishConfig": {
        "access": "public"
      },
      "gitHead": "1447c9ca4fb57a49233704f50a7d757aff0c5027",
      "dependencies": {
        "duration": "^0.2.2",
        "json2csv": "5.0.6",
        "json2xls": "^0.1.2",
        "mustache": "^4.2.0",
        "string-to-stream": "3.0.1"
      }
    },
    "prefix": "/workspace/steedos-platform/services/service-charts"
  },
  "48 debug pnpm:package-manifest": {
    "initial": {
      "name": "@steedos/service-cloud-init",
      "version": "workspace:*",
      "main": "package.service.js",
      "license": "MIT",
      "dependencies": {
        "@steedos/objectql": "workspace:*",
        "axios": "^0.21.4",
        "bcryptjs": "^2.4.3",
        "chalk": "^4.1.2"
      },
      "private": false,
      "publishConfig": {
        "access": "public"
      },
      "gitHead": "1447c9ca4fb57a49233704f50a7d757aff0c5027"
    },
    "prefix": "/workspace/steedos-platform/services/service-cloud-init"
  },
  "49 debug pnpm:package-manifest": {
    "initial": {
      "name": "@steedos/service-community",
      "main": "index.js",
      "version": "workspace:*",
      "private": false,
      "repository": "https://github.com/steedos/steedos-platform.git",
      "description": "",
      "engines": {
        "node": ">=12"
      },
      "author": "steedos",
      "license": "MIT",
      "dependencies": {
        "@steedos/service-charts": "workspace:*",
        "@steedos/service-metadata-server": "workspace:*",
        "@steedos/service-mongodb-server": "workspace:*",
        "@steedos/service-package-loader": "workspace:*",
        "@steedos/service-package-registry": "workspace:*",
        "@steedos/service-pages": "workspace:*",
        "@steedos/service-sidecar": "workspace:*",
        "@steedos/service-steedos-server": "workspace:*",
        "aliyun-sdk": "1.12.3",
        "async-retry": "^1.3.1",
        "axios": "^0.21.1",
        "bignumber.js": "^9.0.1",
        "chalk": "^4.1.2",
        "cross-env": "^7.0.3",
        "crypto-js": "^4.0.0",
        "dotenv-flow": "^3.1.0",
        "ioredis": "^4.22.0",
        "isomorphic-fetch": "^3.0.0",
        "js-base64": "^3.6.1",
        "keyv": "^4.0.3",
        "lodash": "^4.17.21",
        "md5": "^2.3.0",
        "moleculer": "^0.14.21",
        "moment": "^2.29.1",
        "mysql": "^2.18.1",
        "node-schedule": "^2.0.0",
        "node-xlsx": "^0.16.1",
        "pg": "^7.8.2",
        "promise-queue": "^2.2.5",
        "qrcode": "^1.4.4",
        "query-string": "^7.0.0",
        "randomcolor": "^0.6.2",
        "randomstring": "^1.2.1",
        "redlock": "^4.2.0",
        "steedos-cli": "workspace:*",
        "tslib": "^2.4.0",
        "winston": "^3.3.3",
        "winston-loki": "^6.0.1"
      },
      "homepage": "https://www.steedos.com",
      "publishConfig": {
        "access": "public"
      },
      "gitHead": "1447c9ca4fb57a49233704f50a7d757aff0c5027"
    },
    "prefix": "/workspace/steedos-platform/services/service-community"
  },
  "50 debug pnpm:package-manifest": {
    "initial": {
      "name": "@steedos/service-enterprise",
      "main": "index.js",
      "version": "workspace:*",
      "private": false,
      "repository": "https://github.com/steedos/steedos-platform.git",
      "description": "",
      "engines": {
        "node": ">=12"
      },
      "author": "steedos",
      "license": "MIT",
      "dependencies": {
        "@steedos/ee_audit-records": "workspace:*",
        "@steedos/ee_branding": "workspace:*",
        "@steedos/ee_plugin-field-encryption": "workspace:*",
        "@steedos/ee_service-plugin-license": "^2.2.5",
        "@steedos/ee_sso-oidc": "workspace:*",
        "@steedos/ee_stimulsoft-reports": "workspace:*",
        "@steedos/ee_unpkg-local": "workspace:*",
        "@steedos/ee_virus-scan": "workspace:*",
        "@steedos/service-community": "workspace:*",
        "mongodb": "^3.7.3",
        "mongodb-client-encryption": "2.1.0",
        "mssql": "^8.1.2",
        "nats": "^1.4.12"
      },
      "homepage": "https://www.steedos.com",
      "publishConfig": {
        "access": "public"
      },
      "gitHead": "1447c9ca4fb57a49233704f50a7d757aff0c5027"
    },
    "prefix": "/workspace/steedos-platform/services/service-enterprise"
  },
  "51 debug pnpm:package-manifest": {
    "initial": {
      "name": "@steedos/service-fields-indexs",
      "version": "workspace:*",
      "main": "package.service.js",
      "license": "MIT",
      "dependencies": {
        "node-schedule": "^2.0.0"
      },
      "private": false,
      "publishConfig": {
        "access": "public"
      },
      "gitHead": "1447c9ca4fb57a49233704f50a7d757aff0c5027"
    },
    "prefix": "/workspace/steedos-platform/services/service-fields-indexs"
  },
  "52 debug pnpm:package-manifest": {
    "initial": {
      "name": "@steedos/service-files",
      "version": "workspace:*",
      "main": "package.service.js",
      "scripts": {},
      "license": "MIT",
      "private": false,
      "publishConfig": {
        "access": "public"
      },
      "dependencies": {
        "aws-sdk": "2.0.23",
        "formidable": "2.0.1",
        "mkdirp": "^1.0.4",
        "moment": "^2.29.1"
      },
      "gitHead": "1447c9ca4fb57a49233704f50a7d757aff0c5027"
    },
    "prefix": "/workspace/steedos-platform/services/service-files"
  },
  "53 debug pnpm:package-manifest": {
    "initial": {
      "name": "@steedos/service-metadata",
      "version": "workspace:*",
      "description": "",
      "main": "lib/metadata.service.js",
      "scripts": {
        "start": "yarn build && moleculer-runner lib/*.service.js",
        "dev": "yarn build && moleculer-runner --repl --hot lib/*.service.js",
        "cli": "moleculer connect redis://127.0.0.1:6379",
        "ci": "jest --watch",
        "test": "jest --coverage",
        "lint": "eslint services",
        "dc:up": "docker-compose up --build -d",
        "dc:logs": "docker-compose logs -f",
        "dc:down": "docker-compose down",
        "build": "tsc"
      },
      "author": "",
      "license": "MIT",
      "dependencies": {
        "@steedos/metadata-registrar": "workspace:*",
        "dotenv-flow": "^3.1.0",
        "ioredis": "^4.22.0",
        "lodash": "^4.17.21",
        "moleculer": "^0.14.21",
        "moleculer-web": "^0.10.4"
      },
      "devDependencies": {
        "typescript": "4.6.3"
      },
      "private": false,
      "publishConfig": {
        "access": "public"
      },
      "gitHead": "1447c9ca4fb57a49233704f50a7d757aff0c5027"
    },
    "prefix": "/workspace/steedos-platform/services/service-metadata"
  },
  "54 debug pnpm:package-manifest": {
    "initial": {
      "name": "@steedos/service-metadata-apps",
      "version": "workspace:*",
      "description": "",
      "main": "lib/apps.service.js",
      "scripts": {
        "dev": "moleculer-runner --repl --hot lib/services/**/*.service.js",
        "start": "yarn build && moleculer-runner --repl --hot lib/apps.service.js",
        "cli": "moleculer connect redis://192.168.3.17:6379",
        "ci": "jest --watch",
        "test": "jest --coverage",
        "testObject": "node test/object.services.js",
        "lint": "eslint services",
        "dc:up": "docker-compose up --build -d",
        "dc:logs": "docker-compose logs -f",
        "dc:down": "docker-compose down",
        "build": "tsc"
      },
      "author": "",
      "license": "MIT",
      "dependencies": {
        "@steedos/objectql": "workspace:*",
        "dotenv-flow": "^3.1.0",
        "ioredis": "^4.22.0",
        "lodash": "^4.17.21",
        "moleculer": "^0.14.21",
        "moleculer-web": "^0.10.4"
      },
      "devDependencies": {
        "typescript": "4.6.3"
      },
      "private": false,
      "publishConfig": {
        "access": "public"
      },
      "gitHead": "1447c9ca4fb57a49233704f50a7d757aff0c5027"
    },
    "prefix": "/workspace/steedos-platform/services/service-metadata-apps"
  },
  "55 debug pnpm:package-manifest": {
    "initial": {
      "name": "@steedos/service-metadata-layouts",
      "version": "workspace:*",
      "description": "",
      "main": "lib/layouts.service.js",
      "scripts": {
        "dev": "moleculer-runner --repl --hot lib/services/**/*.service.js",
        "start": "yarn build && moleculer-runner --repl --hot lib/layouts.service.js",
        "cli": "moleculer connect redis://192.168.3.17:6379",
        "ci": "jest --watch",
        "test": "jest --coverage",
        "testObject": "node test/object.services.js",
        "lint": "eslint services",
        "dc:up": "docker-compose up --build -d",
        "dc:logs": "docker-compose logs -f",
        "dc:down": "docker-compose down",
        "build": "tsc"
      },
      "author": "",
      "license": "MIT",
      "dependencies": {
        "dotenv-flow": "^3.1.0",
        "ioredis": "^4.22.0",
        "lodash": "^4.17.21",
        "moleculer": "^0.14.21",
        "moleculer-web": "^0.10.4",
        "tslib": "^2.4.0"
      },
      "devDependencies": {
        "typescript": "4.6.3"
      },
      "private": false,
      "publishConfig": {
        "access": "public"
      },
      "gitHead": "1447c9ca4fb57a49233704f50a7d757aff0c5027"
    },
    "prefix": "/workspace/steedos-platform/services/service-metadata-layouts"
  },
  "56 debug pnpm:package-manifest": {
    "initial": {
      "name": "@steedos/service-metadata-objects",
      "version": "workspace:*",
      "description": "",
      "main": "lib/objects.service.js",
      "scripts": {
        "dev": "moleculer-runner --repl --hot lib/services/**/*.service.js",
        "start": "yarn build && moleculer-runner --repl --hot lib/objects.service.js",
        "cli": "moleculer connect redis://192.168.3.17:6379",
        "ci": "jest --watch",
        "test": "jest --coverage",
        "testObject": "node test/object.services.js",
        "lint": "eslint services",
        "dc:up": "docker-compose up --build -d",
        "dc:logs": "docker-compose logs -f",
        "dc:down": "docker-compose down",
        "build": "tsc"
      },
      "author": "",
      "license": "MIT",
      "dependencies": {
        "@steedos/formula": "workspace:*",
        "@steedos/metadata-registrar": "workspace:*",
        "dotenv-flow": "^3.1.0",
        "ioredis": "^4.22.0",
        "lodash": "^4.17.21",
        "moleculer": "^0.14.21",
        "moleculer-web": "^0.10.4"
      },
      "devDependencies": {
        "typescript": "4.6.3"
      },
      "private": false,
      "publishConfig": {
        "access": "public"
      },
      "gitHead": "1447c9ca4fb57a49233704f50a7d757aff0c5027"
    },
    "prefix": "/workspace/steedos-platform/services/service-metadata-objects"
  },
  "57 debug pnpm:package-manifest": {
    "initial": {
      "name": "@steedos/service-metadata-permissionsets",
      "version": "workspace:*",
      "description": "",
      "main": "lib/permissionsets.service.js",
      "scripts": {
        "dev": "moleculer-runner --repl --hot lib/services/**/*.service.js",
        "start": "yarn build && moleculer-runner --repl --hot lib/permissionsets.service.js",
        "cli": "moleculer connect redis://192.168.3.17:6379",
        "ci": "jest --watch",
        "test": "jest --coverage",
        "testObject": "node test/object.services.js",
        "lint": "eslint services",
        "dc:up": "docker-compose up --build -d",
        "dc:logs": "docker-compose logs -f",
        "dc:down": "docker-compose down",
        "build": "tsc"
      },
      "author": "",
      "license": "MIT",
      "dependencies": {
        "dotenv-flow": "^3.1.0",
        "ioredis": "^4.22.0",
        "lodash": "^4.17.21",
        "moleculer": "^0.14.21",
        "moleculer-web": "^0.10.4"
      },
      "devDependencies": {
        "typescript": "4.6.3"
      },
      "private": false,
      "publishConfig": {
        "access": "public"
      },
      "gitHead": "1447c9ca4fb57a49233704f50a7d757aff0c5027"
    },
    "prefix": "/workspace/steedos-platform/services/service-metadata-permissionsets"
  },
  "58 debug pnpm:package-manifest": {
    "initial": {
      "name": "@steedos/service-metadata-server",
      "version": "workspace:*",
      "main": "index.js",
      "license": "MIT",
      "scripts": {
        "build": "tsc"
      },
      "dependencies": {
        "@steedos/service-metadata": "workspace:*",
        "@steedos/service-metadata-apps": "workspace:*",
        "@steedos/service-metadata-layouts": "workspace:*",
        "@steedos/service-metadata-objects": "workspace:*",
        "@steedos/service-metadata-permissionsets": "workspace:*",
        "@steedos/service-metadata-tabs": "workspace:*",
        "@steedos/service-metadata-translations": "workspace:*",
        "@steedos/service-metadata-triggers": "workspace:*",
        "@steedos/service-packages": "workspace:*"
      },
      "devDependencies": {
        "typescript": "4.6.3"
      },
      "private": false,
      "publishConfig": {
        "access": "public"
      },
      "gitHead": "1447c9ca4fb57a49233704f50a7d757aff0c5027"
    },
    "prefix": "/workspace/steedos-platform/services/service-metadata-server"
  },
  "59 debug pnpm:package-manifest": {
    "initial": {
      "name": "@steedos/service-metadata-tabs",
      "version": "workspace:*",
      "description": "",
      "main": "lib/tabs.service.js",
      "scripts": {
        "dev": "moleculer-runner --repl --hot lib/services/**/*.service.js",
        "start": "yarn build && moleculer-runner --repl --hot lib/tabs.service.js",
        "cli": "moleculer connect redis://192.168.3.17:6379",
        "ci": "jest --watch",
        "test": "jest --coverage",
        "testObject": "node test/object.services.js",
        "lint": "eslint services",
        "dc:up": "docker-compose up --build -d",
        "dc:logs": "docker-compose logs -f",
        "dc:down": "docker-compose down",
        "build": "tsc"
      },
      "author": "",
      "license": "MIT",
      "dependencies": {
        "dotenv-flow": "^3.1.0",
        "ioredis": "^4.22.0",
        "lodash": "^4.17.21",
        "moleculer": "^0.14.12",
        "moleculer-web": "^0.10.4"
      },
      "devDependencies": {
        "typescript": "4.6.3"
      },
      "private": false,
      "publishConfig": {
        "access": "public"
      },
      "gitHead": "1447c9ca4fb57a49233704f50a7d757aff0c5027"
    },
    "prefix": "/workspace/steedos-platform/services/service-metadata-tabs"
  },
  "60 debug pnpm:package-manifest": {
    "initial": {
      "name": "@steedos/service-metadata-translations",
      "version": "workspace:*",
      "description": "",
      "main": "lib/translations.service.js",
      "scripts": {
        "dev": "moleculer-runner --repl --hot lib/services/**/*.service.js",
        "start": "yarn build && moleculer-runner --repl --hot lib/translations.service.js",
        "cli": "moleculer connect redis://192.168.3.30:6379",
        "ci": "jest --watch",
        "test": "jest --coverage",
        "testObject": "node test/object.services.js",
        "lint": "eslint services",
        "dc:up": "docker-compose up --build -d",
        "dc:logs": "docker-compose logs -f",
        "dc:down": "docker-compose down",
        "build": "tsc"
      },
      "author": "",
      "license": "MIT",
      "dependencies": {
        "@steedos/metadata-registrar": "workspace:*",
        "dotenv-flow": "^3.1.0",
        "ioredis": "^4.22.0",
        "lodash": "^4.17.21",
        "moleculer": "^0.14.21",
        "moleculer-web": "^0.10.4"
      },
      "devDependencies": {
        "typescript": "4.6.3"
      },
      "private": false,
      "publishConfig": {
        "access": "public"
      },
      "gitHead": "1447c9ca4fb57a49233704f50a7d757aff0c5027"
    },
    "prefix": "/workspace/steedos-platform/services/service-metadata-translations"
  },
  "61 debug pnpm:package-manifest": {
    "initial": {
      "name": "@steedos/service-metadata-triggers",
      "version": "workspace:*",
      "description": "",
      "main": "lib/triggers.service.js",
      "scripts": {
        "dev": "moleculer-runner --repl --hot lib/services/**/*.service.js",
        "start": "yarn build && moleculer-runner --repl --hot lib/triggers.service.js",
        "cli": "moleculer connect redis://192.168.3.17:6379",
        "ci": "jest --watch",
        "test": "jest --coverage",
        "testTrigger": "node test/trigger.services.js",
        "lint": "eslint services",
        "dc:up": "docker-compose up --build -d",
        "dc:logs": "docker-compose logs -f",
        "dc:down": "docker-compose down",
        "build": "tsc"
      },
      "author": "",
      "license": "MIT",
      "dependencies": {
        "dotenv-flow": "^3.1.0",
        "ioredis": "^4.22.0",
        "lodash": "^4.17.21",
        "moleculer": "^0.14.21",
        "moleculer-web": "^0.10.4"
      },
      "devDependencies": {
        "typescript": "4.6.3"
      },
      "private": false,
      "publishConfig": {
        "access": "public"
      },
      "gitHead": "1447c9ca4fb57a49233704f50a7d757aff0c5027"
    },
    "prefix": "/workspace/steedos-platform/services/service-metadata-triggers"
  },
  "62 debug pnpm:package-manifest": {
    "initial": {
      "name": "@steedos/service-meteor-package-loader",
      "version": "workspace:*",
      "description": "",
      "main": "index.js",
      "scripts": {
        "build": "tsc",
        "test": "echo \"Error: no test specified\" && exit 1"
      },
      "author": "",
      "license": "MIT",
      "dependencies": {
        "@steedos/objectql": "workspace:*",
        "clone": "^2.1.2",
        "globby": "^11.1.0",
        "moleculer": "^0.14.21",
        "underscore": "^1.12.0"
      },
      "devDependencies": {
        "typescript": "4.6.3"
      },
      "private": false,
      "publishConfig": {
        "access": "public"
      },
      "gitHead": "1447c9ca4fb57a49233704f50a7d757aff0c5027"
    },
    "prefix": "/workspace/steedos-platform/services/service-meteor-package-loader"
  },
  "63 debug pnpm:package-manifest": {
    "initial": {
      "name": "@steedos/service-mongodb-server",
      "version": "workspace:*",
      "main": "index.js",
      "license": "MIT",
      "dependencies": {
        "@steedos/mongodb-memory-server-core": "^7.0.0-beta.14"
      },
      "private": false,
      "publishConfig": {
        "access": "public"
      },
      "gitHead": "1447c9ca4fb57a49233704f50a7d757aff0c5027"
    },
    "prefix": "/workspace/steedos-platform/services/service-mongodb-server"
  },
  "64 debug pnpm:package-manifest": {
    "initial": {
      "name": "@steedos/service-node-red",
      "version": "workspace:*",
      "main": "index.js",
      "scripts": {
        "start": "moleculer-runner --repl --hot ./index.js"
      },
      "dependencies": {
        "ioredis": "^4.22.0",
        "node-red": "^2.2.2"
      },
      "license": "MIT",
      "private": false,
      "publishConfig": {
        "access": "public"
      },
      "gitHead": "1447c9ca4fb57a49233704f50a7d757aff0c5027"
    },
    "prefix": "/workspace/steedos-platform/services/service-node-red"
  },
  "65 debug pnpm:package-manifest": {
    "initial": {
      "name": "@steedos/service-package-license",
      "version": "workspace:*",
      "description": "",
      "main": "package.service.js",
      "scripts": {
        "test": "echo \"Error: no test specified\" && exit 1"
      },
      "author": "",
      "license": "ISC",
      "dependencies": {
        "axios": "^0.21.4"
      },
      "private": false,
      "publishConfig": {
        "access": "public"
      },
      "gitHead": "1447c9ca4fb57a49233704f50a7d757aff0c5027"
    },
    "prefix": "/workspace/steedos-platform/services/service-package-license"
  },
  "66 debug pnpm:package-manifest": {
    "initial": {
      "name": "@steedos/service-package-loader",
      "version": "workspace:*",
      "description": "",
      "main": "index.js",
      "scripts": {
        "build": "tsc",
        "test": "echo \"Error: no test specified\" && exit 1"
      },
      "author": "",
      "license": "MIT",
      "dependencies": {
        "@steedos/core": "workspace:*",
        "@steedos/metadata-core": "workspace:*",
        "@steedos/objectql": "workspace:*",
        "clone": "^2.1.2",
        "globby": "^11.1.0",
        "moleculer": "^0.14.21",
        "underscore": "^1.12.0"
      },
      "devDependencies": {
        "typescript": "4.6.3"
      },
      "private": false,
      "publishConfig": {
        "access": "public"
      },
      "gitHead": "1447c9ca4fb57a49233704f50a7d757aff0c5027"
    },
    "prefix": "/workspace/steedos-platform/services/service-package-loader"
  },
  "67 debug pnpm:package-manifest": {
    "initial": {
      "name": "@steedos/service-package-registry",
      "version": "workspace:*",
      "description": "",
      "main": "package.service.js",
      "scripts": {
        "test": "echo \"Error: no test specified\" && exit 1"
      },
      "author": "",
      "license": "ISC",
      "dependencies": {
        "@steedos/service-package-license": "workspace:*",
        "@steedos/service-package-loader": "workspace:*",
        "fs-extra": "8.1.0",
        "i18next": "20.3.2",
        "json-stringify-safe": "5.0.1",
        "jsonata": "1.8.5",
        "lodash": "^4.17.21",
        "lodash.clonedeep": "^4.5.0",
        "moment-timezone": "0.5.33",
        "npm-package-arg": "~9.1.0",
        "npm-registry-client": "8.6.0",
        "package-json": "^7.0.0",
        "radwag-mass": "~1.0.5",
        "validator": "^13.5.2"
      },
      "private": false,
      "publishConfig": {
        "access": "public"
      },
      "gitHead": "1447c9ca4fb57a49233704f50a7d757aff0c5027"
    },
    "prefix": "/workspace/steedos-platform/services/service-package-registry"
  },
  "68 debug pnpm:package-manifest": {
    "initial": {
      "name": "@steedos/service-packages",
      "version": "workspace:*",
      "main": "index.js",
      "scripts": {},
      "license": "MIT",
      "private": false,
      "publishConfig": {
        "access": "public"
      },
      "gitHead": "1447c9ca4fb57a49233704f50a7d757aff0c5027"
    },
    "prefix": "/workspace/steedos-platform/services/service-packages"
  },
  "69 debug pnpm:package-manifest": {
    "initial": {
      "name": "@steedos/service-pages",
      "version": "workspace:*",
      "main": "package.service.js",
      "scripts": {},
      "license": "MIT",
      "private": false,
      "publishConfig": {
        "access": "public"
      },
      "gitHead": "1447c9ca4fb57a49233704f50a7d757aff0c5027",
      "dependencies": {
        "ejs": "^3.1.8"
      }
    },
    "prefix": "/workspace/steedos-platform/services/service-pages"
  },
  "70 debug pnpm:package-manifest": {
    "initial": {
      "name": "@steedos/service-plugin-amis",
      "version": "workspace:*",
      "main": "package.service.js",
      "scripts": {
        "build": "node .scripts/build.tailwind.js"
      },
      "license": "MIT",
      "private": false,
      "publishConfig": {
        "access": "public"
      },
      "gitHead": "1447c9ca4fb57a49233704f50a7d757aff0c5027"
    },
    "prefix": "/workspace/steedos-platform/services/service-plugin-amis"
  },
  "71 debug pnpm:package-manifest": {
    "initial": {
      "name": "@steedos/service-sidecar",
      "version": "workspace:*",
      "main": "index.js",
      "license": "MIT",
      "dependencies": {
        "kleur": "^4.1.3",
        "lodash": "^4.17.21",
        "moleculer": "^0.14.21",
        "node-fetch": "^2.6.7"
      },
      "private": false,
      "publishConfig": {
        "access": "public"
      },
      "gitHead": "1447c9ca4fb57a49233704f50a7d757aff0c5027"
    },
    "prefix": "/workspace/steedos-platform/services/service-sidercar"
  },
  "72 debug pnpm:package-manifest": {
    "initial": {
      "name": "@steedos/service-steedos-server",
      "version": "workspace:*",
      "main": "index.js",
      "license": "MIT",
      "dependencies": {
        "@steedos/accounts": "workspace:*",
        "@steedos/core": "workspace:*",
        "@steedos/data-import": "workspace:*",
        "@steedos/metadata-api": "workspace:*",
        "@steedos/plugin-company": "workspace:*",
        "@steedos/plugin-dingtalk": "workspace:*",
        "@steedos/plugin-qywx": "workspace:*",
        "@steedos/service-accounts": "workspace:*",
        "@steedos/service-api": "workspace:*",
        "@steedos/service-cachers-manager": "workspace:*",
        "@steedos/service-charts": "workspace:*",
        "@steedos/service-cloud-init": "workspace:*",
        "@steedos/service-fields-indexs": "workspace:*",
        "@steedos/service-files": "workspace:*",
        "@steedos/service-meteor-package-loader": "workspace:*",
        "@steedos/service-pages": "workspace:*",
        "@steedos/service-plugin-amis": "workspace:*",
        "@steedos/service-ui": "workspace:*",
        "@steedos/service-workflow": "workspace:*",
        "@steedos/standard-process": "workspace:*",
        "@steedos/steedos-plugin-schema-builder": "workspace:*",
        "@steedos/unpkg": "workspace:*",
        "@steedos/webapp-accounts": "workspace:*",
        "@steedos/webapp-public": "workspace:*",
        "@steedos/workflow": "workspace:*",
        "dotenv-flow": "^3.2.0",
        "moleculer": "^0.14.21",
        "moleculer-db": "^0.8.4",
        "moleculer-web": "^0.10.4",
        "steedos-server": "workspace:*"
      },
      "private": false,
      "publishConfig": {
        "access": "public"
      },
      "gitHead": "1447c9ca4fb57a49233704f50a7d757aff0c5027"
    },
    "prefix": "/workspace/steedos-platform/services/service-steedos-server"
  },
  "73 debug pnpm:package-manifest": {
    "initial": {
      "name": "@steedos/service-ui",
      "version": "workspace:*",
      "keywords": [
        "steedos"
      ],
      "scripts": {
        "build": "tsc"
      },
      "description": "steedos package",
      "repository": {},
      "dependencies": {
        "@steedos/core": "workspace:*",
        "@steedos/objectql": "workspace:*"
      },
      "license": "MIT",
      "private": false,
      "publishConfig": {
        "access": "public"
      },
      "gitHead": "1447c9ca4fb57a49233704f50a7d757aff0c5027"
    },
    "prefix": "/workspace/steedos-platform/services/service-ui"
  },
  "74 debug pnpm:package-manifest": {
    "initial": {
      "name": "@steedos/service-workflow",
      "version": "workspace:*",
      "main": "package.service.js",
      "license": "MIT",
      "dependencies": {
        "lodash": "^4.17.21",
        "node-schedule": "^2.0.0"
      },
      "private": false,
      "publishConfig": {
        "access": "public"
      },
      "gitHead": "1447c9ca4fb57a49233704f50a7d757aff0c5027"
    },
    "prefix": "/workspace/steedos-platform/services/service-workflow"
  },
  "75 debug pnpm:package-manifest": {
    "initial": {
      "name": "@steedos/standard-process",
      "version": "workspace:*",
      "main": "package.service.js",
      "scripts": {},
      "license": "MIT",
      "private": false,
      "publishConfig": {
        "access": "public"
      },
      "dependencies": {
        "lodash": "^4.17.21"
      },
      "gitHead": "1447c9ca4fb57a49233704f50a7d757aff0c5027"
    },
    "prefix": "/workspace/steedos-platform/steedos-packages/standard-process"
  },
  "76 debug pnpm:package-manifest": {
    "initial": {
      "name": "@steedos/unpkg",
      "version": "workspace:*",
      "main": "package.service.js",
      "scripts": {},
      "license": "MIT",
      "private": false,
      "publishConfig": {
        "access": "public"
      },
      "gitHead": "1447c9ca4fb57a49233704f50a7d757aff0c5027"
    },
    "prefix": "/workspace/steedos-platform/steedos-packages/unpkg"
  },
  "77 debug pnpm:package-manifest": {
    "initial": {
      "name": "@steedos/webapp-accounts",
      "version": "workspace:*",
      "main": "package.service.js",
      "scripts": {},
      "license": "MIT",
      "private": false,
      "publishConfig": {
        "access": "public"
      },
      "dependencies": {
        "lodash": "^4.17.21"
      },
      "gitHead": "1447c9ca4fb57a49233704f50a7d757aff0c5027"
    },
    "prefix": "/workspace/steedos-platform/steedos-packages/webapp-accounts"
  },
  "78 debug pnpm:package-manifest": {
    "initial": {
      "name": "@steedos/webapp-desktop",
      "version": "workspace:*",
      "description": "A Steedos App",
      "main": "package.service.js",
      "license": "MIT",
      "private": false,
      "publishConfig": {
        "access": "public"
      },
      "scripts": {},
      "gitHead": "1447c9ca4fb57a49233704f50a7d757aff0c5027"
    },
    "prefix": "/workspace/steedos-platform/steedos-packages/webapp-desktop"
  },
  "79 debug pnpm:package-manifest": {
    "initial": {
      "name": "@steedos/webapp-public",
      "version": "workspace:*",
      "main": "package.service.js",
      "description": "public assets for steedos",
      "scripts": {},
      "license": "MIT",
      "private": false,
      "publishConfig": {
        "access": "public"
      },
      "dependencies": {
        "lodash": "^4.17.21"
      },
      "gitHead": "1447c9ca4fb57a49233704f50a7d757aff0c5027"
    },
    "prefix": "/workspace/steedos-platform/steedos-packages/webapp-public"
  },
  "80 debug pnpm:package-manifest": {
    "initial": {
      "name": "steedos-platform",
      "private": true,
      "workspaces": [
        "packages/*",
        "services/*",
        "ee/*",
        "server",
        "examples/*",
        "steedos-packages/*"
      ],
      "scripts": {
        "start": "cd examples && cd project-template && yarn start",
        "start:ee": "cd examples && cd project-ee && yarn start",
        "bootstrap": "lerna clean --yes && lerna bootstrap --force-local",
        "build": "lerna run build",
        "i18n": "lerna run i18n"
      },
      "resolutions": {},
      "devDependencies": {
        "lerna": "^4.0.0",
        "nodemon": "^2.0.19",
        "ts-node": "^10.8.2"
      },
      "peerDependencies": {
        "steedos-server": "2.x"
      },
      "dependencies": {}
    },
    "prefix": "/workspace/steedos-platform"
  },
  "81 debug pnpm:package-manifest": {
    "initial": {
      "name": "@steedos/formula",
      "version": "workspace:*",
      "description": "Salesforce Formula Parser",
      "main": "lib/formulon.js",
      "files": [
        "lib"
      ],
      "engines": {
        "node": ">=11.0.0"
      },
      "scripts": {
        "build": "yarn compile:parser && yarn rollup -c",
        "compile:parser": "node .scripts/make-pegjs",
        "test": "mocha --require @babel/register --recursive --grep @integration --invert",
        "test:integration": "mocha --require @babel/register --recursive --grep @integration",
        "lint": "eslint --ignore-path .gitignore .",
        "commitlint": "commitlint",
        "semantic-release": "semantic-release"
      },
      "repository": {
        "type": "git",
        "url": "https://github.com/leifg/formulon.git"
      },
      "keywords": [
        "parser",
        "salesforce",
        "formula"
      ],
      "author": "Leif Gensert",
      "license": "MIT",
      "devDependencies": {
        "@babel/cli": "^7.8.4",
        "@babel/core": "^7.8.4",
        "@babel/preset-env": "^7.8.4",
        "@babel/register": "^7.8.3",
        "@commitlint/config-conventional": "^11.0.0",
        "commitlint": "^11.0.0",
        "glob": "^7.1.6",
        "pegjs": "^0.10.0",
        "rollup": "^2.26.5",
        "rollup-plugin-terser": "^7.0.0",
        "semantic-release": "^17.0.4"
      },
      "private": false,
      "publishConfig": {
        "access": "public"
      },
      "gitHead": "1447c9ca4fb57a49233704f50a7d757aff0c5027"
    },
    "prefix": "/workspace/steedos-platform/packages/formula"
  },
  "82 debug pnpm:context": {
    "currentLockfileExists": false,
    "storeDir": "/workspace/.pnpm-store/v3",
    "virtualStoreDir": "/workspace/steedos-platform/node_modules/.pnpm"
  },
  "83 debug pnpm:stage": {
    "prefix": "/workspace/steedos-platform",
    "stage": "resolution_started"
  },
  "84 error pnpm": {
    "code": "ERR_PNPM_NO_MATCHING_VERSION_INSIDE_WORKSPACE",
    "pkgsStack": [],
    "err": {
      "name": "pnpm",
      "message": "In ee/sso-oidc: No matching version found for @steedos/accounts@* inside the workspace",
      "code": "ERR_PNPM_NO_MATCHING_VERSION_INSIDE_WORKSPACE",
      "stack": "pnpm: In ee/sso-oidc: No matching version found for @steedos/accounts@* inside the workspace\n    at tryResolveFromWorkspace (/home/gitpod/.nvm/versions/node/v14.19.3/lib/node_modules/pnpm/dist/pnpm.cjs:85909:15)\n    at resolveNpm (/home/gitpod/.nvm/versions/node/v14.19.3/lib/node_modules/pnpm/dist/pnpm.cjs:85801:39)\n    at Object.resolve (/home/gitpod/.nvm/versions/node/v14.19.3/lib/node_modules/pnpm/dist/pnpm.cjs:86031:34)\n    at ctx.requestsQueue.add.priority (/home/gitpod/.nvm/versions/node/v14.19.3/lib/node_modules/pnpm/dist/pnpm.cjs:93212:75)\n    at run (/home/gitpod/.nvm/versions/node/v14.19.3/lib/node_modules/pnpm/dist/pnpm.cjs:92973:90)\n    at PQueue._tryToStartAnother (/home/gitpod/.nvm/versions/node/v14.19.3/lib/node_modules/pnpm/dist/pnpm.cjs:92927:13)\n    at /home/gitpod/.nvm/versions/node/v14.19.3/lib/node_modules/pnpm/dist/pnpm.cjs:92986:16\n    at new Promise (<anonymous>)\n    at PQueue.add (/home/gitpod/.nvm/versions/node/v14.19.3/lib/node_modules/pnpm/dist/pnpm.cjs:92968:16)\n    at resolveAndFetch (/home/gitpod/.nvm/versions/node/v14.19.3/lib/node_modules/pnpm/dist/pnpm.cjs:93212:55)"
    }
  }
}